[2024/04/24, 16:04:16] Error: El nombre excede el largo permitido. Ingresó 437 caracteres y el límite es 250
[2024/04/24, 16:04:16] Error: Subtipo no válido
[2024/04/24, 16:05:05] Error: El nombre excede el largo permitido. Ingresó 437 caracteres y el límite es 250
[2024/04/24, 16:05:05] Error: Subtipo no válido
[2024/04/24, 16:06:27] Error: El nombre excede el largo permitido. Ingresó 437 caracteres y el límite es 250
[2024/04/24, 16:10:43] Error: El nombre excede el largo permitido. Ingresó 437 caracteres y el límite es 250.
[2024/04/24, 16:10:43] Error: Subtipo no válido. Los sub-tipos disponibles son ('instream', 'outstream')
[2024/04/24, 16:11:19] Error: El nombre excede el largo permitido. Ingresó 437 caracteres y el límite es 250.
[2024/04/24, 16:11:19] Error: Subtipo no válido. Los sub-tipos disponibles son ('instream', 'outstream')
[2024/04/25, 09:21:14] Error: El nombre excede el largo permitido. Ingresó 1284 caracteres y el límite es 250.
[2024/04/25, 09:21:14] Error: Subtipo no válido. Los sub-tipos disponibles son ('instream', 'outstream')
[2024/04/25, 09:23:51] Error: El nombre excede el largo permitido. Ingresó 1284 caracteres y el límite es 250.
[2024/04/25, 09:23:51] Error: Subtipo no válido. Los sub-tipos disponibles son ('instream', 'outstream')
[2024/04/25, 14:20:17] Error: El nombre excede el largo permitido. Ingresó 357 caracteres y el límite es 250.
[2024/04/25, 14:23:46] Error: El nombre excede el largo permitido. Ingresó 357 caracteres y el límite es 250.
[2024/04/25, 14:23:46] Error: El nombre excede el largo permitido. Ingresó 357 caracteres y el límite es 250.
[2024/04/25, 14:23:46] Error: Subtipo no válido. Los sub-tipos disponibles son ('instream', 'outstream')
[2024/04/25, 14:27:02] Error: Subtipo no válido. Los sub-tipos disponibles son ('instream', 'outstream')
[2024/04/25, 14:27:56] Error: El nombre excede el largo permitido. Ingresó 410 caracteres y el límite es 250.
[2024/04/25, 14:31:09] Error: El nombre excede el largo permitido. Ingresó 410 caracteres y el límite es 250.
[2024/04/25, 14:31:09] Error: Subtipo no válido. Los sub-tipos disponibles son ('instream', 'outstream')
[2024/04/25, 14:33:11] Error: El nombre excede el largo permitido. Ingresó 410 caracteres y el límite es 250.
[2024/04/25, 14:33:11] Error: Subtipo no válido. Los sub-tipos disponibles son ('instream', 'outstream')
[2024/04/25, 14:52:21] ERROR: El sub-tipo ingresado no corresponde con este anuncio('Error: Subtipo no válido', ('instream', 'outstream'))
[2024/04/25, 14:54:40] ERROR: El largo ingresado excede el máximo. 
[2024/04/25, 14:54:40] ERROR: El sub-tipo ingresado no corresponde con este anuncio
[2024/04/25, 14:56:16] ERROR: El largo ingresado excede el máximo. <class 'error.LargoExcedidoError'>
[2024/04/25, 14:56:16] ERROR: El sub-tipo ingresado no corresponde con este anuncio. <class 'error.SubTipoInvalidoError'>
[2024/04/25, 14:57:26] ERROR: El largo ingresado excede el máximo. <class 'error.LargoExcedidoError'>
[2024/04/25, 14:57:26] ERROR: El sub-tipo ingresado no corresponde con este anuncio. <class 'error.SubTipoInvalidoError'>
[2024/04/25, 14:58:00] ERROR: El largo ingresado excede el máximo. <class 'error.LargoExcedidoError'>
[2024/04/25, 14:58:00] ERROR: El sub-tipo ingresado no corresponde con este anuncio. <class 'error.SubTipoInvalidoError'>
